gccElfX86 -mcpu=pentiumpro -march=pentiumpro -nostdlib -fno-builtin -fno-defer-pop -Wall -fno-zero-initialized-in-bss -I. -DCPU=PENTIUM3 -c  -finstrument-functions -oSVK16st284_IM.gefO SVK16st284_IM.c 
SVK16st284_IM.c:962: warning: type defaults to `int' in declaration of `angle'
SVK16st284_IM.c:962: warning: data definition has no type or storage class
SVK16st284_IM.c: In function `GefMain':
SVK16st284_IM.c:1235: warning: suggest explicit braces to avoid ambiguous `else'
SVK16st284_IM.c:1281: warning: suggest explicit braces to avoid ambiguous `else'
SVK16st284_IM.c:1349: warning: suggest explicit braces to avoid ambiguous `else'
SVK16st284_IM.c:1442: warning: suggest explicit braces to avoid ambiguous `else'
SVK16st284_IM.c:1445: warning: suggest explicit braces to avoid ambiguous `else'
SVK16st284_IM.c:1448: warning: suggest explicit braces to avoid ambiguous `else'
SVK16st284_IM.c:1451: warning: suggest explicit braces to avoid ambiguous `else'
SVK16st284_IM.c:1454: warning: suggest explicit braces to avoid ambiguous `else'
SVK16st284_IM.c:1457: warning: suggest explicit braces to avoid ambiguous `else'
SVK16st284_IM.c:1460: warning: suggest explicit braces to avoid ambiguous `else'
SVK16st284_IM.c:1463: warning: suggest explicit braces to avoid ambiguous `else'
SVK16st284_IM.c:1466: warning: suggest explicit braces to avoid ambiguous `else'
SVK16st284_IM.c:1469: warning: suggest explicit braces to avoid ambiguous `else'
SVK16st284_IM.c:1472: warning: suggest explicit braces to avoid ambiguous `else'
SVK16st284_IM.c:1475: warning: suggest explicit braces to avoid ambiguous `else'
SVK16st284_IM.c:1533: warning: suggest explicit braces to avoid ambiguous `else'
SVK16st284_IM.c:1536: warning: suggest explicit braces to avoid ambiguous `else'
SVK16st284_IM.c:1539: warning: suggest explicit braces to avoid ambiguous `else'
SVK16st284_IM.c:1542: warning: suggest explicit braces to avoid ambiguous `else'
SVK16st284_IM.c:1545: warning: suggest explicit braces to avoid ambiguous `else'
SVK16st284_IM.c:1548: warning: suggest explicit braces to avoid ambiguous `else'
SVK16st284_IM.c:1551: warning: suggest explicit braces to avoid ambiguous `else'
SVK16st284_IM.c:1554: warning: suggest explicit braces to avoid ambiguous `else'
SVK16st284_IM.c:1557: warning: suggest explicit braces to avoid ambiguous `else'
SVK16st284_IM.c:1560: warning: suggest explicit braces to avoid ambiguous `else'
SVK16st284_IM.c:1563: warning: suggest explicit braces to avoid ambiguous `else'
SVK16st284_IM.c:1566: warning: suggest explicit braces to avoid ambiguous `else'
SVK16st284_IM.c:1720: warning: suggest parentheses around && within ||
SVK16st284_IM.c:1732: warning: suggest parentheses around && within ||
SVK16st284_IM.c:1743: warning: suggest parentheses around && within ||
SVK16st284_IM.c:1745: warning: suggest parentheses around && within ||
SVK16st284_IM.c:1785: warning: suggest parentheses around && within ||
SVK16st284_IM.c:972: warning: unused variable `I'
SVK16st284_IM.c:977: warning: unused variable `Tvh5'
SVK16st284_IM.c:977: warning: unused variable `Tvh6'
SVK16st284_IM.c:977: warning: unused variable `Tvh7'
SVK16st284_IM.c:977: warning: unused variable `Tvh8'
SVK16st284_IM.c:977: warning: unused variable `Tvh9'
SVK16st284_IM.c:977: warning: unused variable `Tvh10'
SVK16st284_IM.c:978: warning: unused variable `Tvh_old'
SVK16st284_IM.c:978: warning: unused variable `Tvh_timer1'
SVK16st284_IM.c:978: warning: unused variable `Tvh_timer2'
SVK16st284_IM.c:1000: warning: unused variable `Ctzap1'
SVK16st284_IM.c:1003: warning: unused variable `NggHighTimer'
SVK16st284_IM.c:1004: warning: unused variable `NggHighLimTimer'
SVK16st284_IM.c:1005: warning: unused variable `NggLowTimer'
SVK16st284_IM.c:1009: warning: unused variable `PsuflHighTimer'
SVK16st284_IM.c:1010: warning: unused variable `PsuflLimTimer'
SVK16st284_IM.c:1011: warning: unused variable `PrpkTimer'
SVK16st284_IM.c:1012: warning: unused variable `TtstartLimTimer'
SVK16st284_IM.c:1013: warning: unused variable `TtstartHighLimTimer'
SVK16st284_IM.c:1014: warning: unused variable `TtHighTimer'
SVK16st284_IM.c:1015: warning: unused variable `TtHighAlarmTimer'
SVK16st284_IM.c:1016: warning: unused variable `TtHighLimTimer'
SVK16st284_IM.c:1022: warning: unused variable `distortTtBrkTimer'
SVK16st284_IM.c:1024: warning: unused variable `distortTtTimer'
SVK16st284_IM.c:1026: warning: unused variable `PkLimTimer'
SVK16st284_IM.c:1030: warning: unused variable `PtgLowTimer'
SVK16st284_IM.c:1031: warning: unused variable `PtgMinTimer'
SVK16st284_IM.c:1032: warning: unused variable `PtgMinLimTimer'
SVK16st284_IM.c:1036: warning: unused variable `maxDeltaVNA12Timer'
SVK16st284_IM.c:1041: warning: unused variable `SKBrkOffTimer'
SVK16st284_IM.c:1044: warning: unused variable `maxFSTTimer'
SVK16st284_IM.c:1045: warning: unused variable `maxBrkTimer'
SVK16st284_IM.c:1046: warning: unused variable `setDUSBrkTimer'
SVK16st284_IM.c:1047: warning: unused variable `mesDUSBrkTimer'
SVK16st284_IM.c:1048: warning: unused variable `SKNotOnFireTimer'
SVK16st284_IM.c:1050: warning: unused variable `VibDZPTimer'
SVK16st284_IM.c:1075: warning: unused variable `TimerTvh'
ldElfX86 --entry=_start -o test.sm SVK16st284_IM.gefO  ctkGefStartup.gefO ctkBlkToolkitInfo.gefO ctkPlcLibFault.gefO ctkPlcLibRefMem.gefO ctkPlcLibFunc.gefO ctkPlcLibBus.gefO ctkPlcLibStackCheck.gefO ctkPlcLibVariables.gefO ctkStackCheckStub.gefO ctkCRunTimeStub.gefO ctkTargetStub.gefO
